==3478952== Memcheck, a memory error detector
==3478952== Copyright (C) 2002-2022, and GNU GPL'd, by Julian Seward et al.
==3478952== Using Valgrind-3.21.0-d97fed7c3e-20230428 and LibVEX; rerun with -h for copyright info
==3478952== Command: scrambles command-fuzzy.txt o.txt
==3478952== Parent PID: 3478787
==3478952== 
--3478952-- 
--3478952-- Valgrind options:
--3478952--    --leak-check=full
--3478952--    --show-leak-kinds=all
--3478952--    --log-file=vgrindLog.log
--3478952--    --track-origins=yes
--3478952--    -v
--3478952-- Contents of /proc/version:
--3478952--   Linux version 5.14.0-312.el9.x86_64 (mockbuild@x86-05.stream.rdu2.redhat.com) (gcc (GCC) 11.3.1 20221121 (Red Hat 11.3.1-4), GNU ld version 2.35.2-39.el9) #1 SMP PREEMPT_DYNAMIC Thu May 11 16:26:43 UTC 2023
--3478952-- 
--3478952-- Arch and hwcaps: AMD64, LittleEndian, amd64-cx16-lzcnt-rdtscp-sse3-ssse3-avx-avx2-bmi-f16c-rdrand-rdseed
--3478952-- Page sizes: currently 4096, max supported 4096
--3478952-- Valgrind library directory: /usr/libexec/valgrind
--3478952-- Reading syms from /home/ugrads/nonmajors/nathan925/C05/scrambles
--3478952-- Reading syms from /usr/lib64/ld-linux-x86-64.so.2
--3478952-- Warning: cross-CU LIMITATION: some inlined fn names
--3478952-- might be shown as UnknownInlinedFun
--3478952-- Reading syms from /usr/libexec/valgrind/memcheck-amd64-linux
==3478952== Downloading debug info for /usr/libexec/valgrind/memcheck-amd64-linux...
--3478952--   Considering /home/ugrads/nonmajors/nathan925/.cache/debuginfod_client/9aad24066e6f18deb6fdd8f1724cedc315edaa8e/debuginfo ..
--3478952--   .. CRC is valid
==3478952== Successfully downloaded debug file for /usr/libexec/valgrind/memcheck-amd64-linux
==3478952== Downloading debug info for /home/ugrads/nonmajors/nathan925/.cache/debuginfod_client/9aad24066e6f18deb6fdd8f1724cedc315edaa8e/debuginfo...
--3478952--   Considering /home/ugrads/nonmajors/nathan925/.cache/debuginfod_client/a2d4b8aa131688b69ca8c11d2652bbd86dece2bc/debuginfo ..
--3478952--   .. build-id is valid
==3478952== Successfully downloaded debug file for /home/ugrads/nonmajors/nathan925/.cache/debuginfod_client/9aad24066e6f18deb6fdd8f1724cedc315edaa8e/debuginfo
--3478952--    object doesn't have a dynamic symbol table
--3478952-- Scheduler: using generic scheduler lock implementation.
--3478952-- Reading suppressions file: /usr/libexec/valgrind/default.supp
==3478952== embedded gdbserver: reading from /tmp/vgdb-pipe-from-vgdb-to-3478952-by-nathan925-on-ash.rlogin
==3478952== embedded gdbserver: writing to   /tmp/vgdb-pipe-to-vgdb-from-3478952-by-nathan925-on-ash.rlogin
==3478952== embedded gdbserver: shared mem   /tmp/vgdb-pipe-shared-mem-vgdb-3478952-by-nathan925-on-ash.rlogin
==3478952== 
==3478952== TO CONTROL THIS PROCESS USING vgdb (which you probably
==3478952== don't want to do, unless you know exactly what you're doing,
==3478952== or are doing some strange experiment):
==3478952==   /usr/libexec/valgrind/../../bin/vgdb --pid=3478952 ...command...
==3478952== 
==3478952== TO DEBUG THIS PROCESS USING GDB: start GDB like this
==3478952==   /path/to/gdb scrambles
==3478952== and then give GDB the following command
==3478952==   target remote | /usr/libexec/valgrind/../../bin/vgdb --pid=3478952
==3478952== --pid is optional if only one valgrind process is running
==3478952== 
--3478952-- REDIR: 0x40053d0 (ld-linux-x86-64.so.2:strlen) redirected to 0x580c1fa2 (vgPlain_amd64_linux_REDIR_FOR_strlen)
--3478952-- REDIR: 0x4003d50 (ld-linux-x86-64.so.2:index) redirected to 0x580c1fbc (vgPlain_amd64_linux_REDIR_FOR_index)
--3478952-- Reading syms from /usr/libexec/valgrind/vgpreload_core-amd64-linux.so
--3478952-- Reading syms from /usr/libexec/valgrind/vgpreload_memcheck-amd64-linux.so
==3478952== WARNING: new redirection conflicts with existing -- ignoring it
--3478952--     old: 0x040053d0 (strlen              ) R-> (0000.0) 0x580c1fa2 vgPlain_amd64_linux_REDIR_FOR_strlen
--3478952--     new: 0x040053d0 (strlen              ) R-> (2007.0) 0x0484ad60 strlen
--3478952-- REDIR: 0x4003f80 (ld-linux-x86-64.so.2:strcmp) redirected to 0x484bcc0 (strcmp)
--3478952-- REDIR: 0x4003770 (ld-linux-x86-64.so.2:mempcpy) redirected to 0x484f630 (mempcpy)
--3478952-- Reading syms from /usr/lib64/libc.so.6
==3478952== Downloading debug info for /usr/lib64/libc.so.6...
--3478952--   Considering /home/ugrads/nonmajors/nathan925/.cache/debuginfod_client/b4fc003bc2196b3b98814ad24750ace56d15bb7b/debuginfo ..
--3478952--   .. CRC is valid
==3478952== Successfully downloaded debug file for /usr/lib64/libc.so.6
==3478952== Downloading debug info for /home/ugrads/nonmajors/nathan925/.cache/debuginfod_client/b4fc003bc2196b3b98814ad24750ace56d15bb7b/debuginfo...
--3478952--   Considering /home/ugrads/nonmajors/nathan925/.cache/debuginfod_client/6d7827e84deda615390201e5926ed411616da220/debuginfo ..
--3478952--   .. build-id is valid
==3478952== Successfully downloaded debug file for /home/ugrads/nonmajors/nathan925/.cache/debuginfod_client/b4fc003bc2196b3b98814ad24750ace56d15bb7b/debuginfo
==3478952== WARNING: new redirection conflicts with existing -- ignoring it
--3478952--     old: 0x04917fa0 (memalign            ) R-> (1011.0) 0x04849bda memalign
--3478952--     new: 0x04917fa0 (memalign            ) R-> (1017.0) 0x0484a0ce aligned_alloc
==3478952== WARNING: new redirection conflicts with existing -- ignoring it
--3478952--     old: 0x04917fa0 (memalign            ) R-> (1011.0) 0x04849bda memalign
--3478952--     new: 0x04917fa0 (memalign            ) R-> (1017.0) 0x0484a058 aligned_alloc
==3478952== WARNING: new redirection conflicts with existing -- ignoring it
--3478952--     old: 0x04917fa0 (memalign            ) R-> (1011.0) 0x04849bda memalign
--3478952--     new: 0x04917fa0 (memalign            ) R-> (1017.0) 0x0484a0ce aligned_alloc
==3478952== WARNING: new redirection conflicts with existing -- ignoring it
--3478952--     old: 0x04917fa0 (memalign            ) R-> (1011.0) 0x04849bda memalign
--3478952--     new: 0x04917fa0 (memalign            ) R-> (1017.0) 0x0484a058 aligned_alloc
--3478952-- REDIR: 0x4919f20 (libc.so.6:strnlen) redirected to 0x48391ea (_vgnU_ifunc_wrapper)
--3478952-- REDIR: 0x491a200 (libc.so.6:strpbrk) redirected to 0x48391ea (_vgnU_ifunc_wrapper)
--3478952-- REDIR: 0x4919ac0 (libc.so.6:strcmp) redirected to 0x48391ea (_vgnU_ifunc_wrapper)
--3478952-- REDIR: 0x4960b80 (libc.so.6:wcsnlen) redirected to 0x48391ea (_vgnU_ifunc_wrapper)
--3478952-- REDIR: 0x491ae40 (libc.so.6:memset) redirected to 0x48391ea (_vgnU_ifunc_wrapper)
--3478952-- REDIR: 0x495f400 (libc.so.6:wcslen) redirected to 0x48391ea (_vgnU_ifunc_wrapper)
--3478952-- REDIR: 0x491b4e0 (libc.so.6:memcpy@@GLIBC_2.14) redirected to 0x48391ea (_vgnU_ifunc_wrapper)
--3478952-- REDIR: 0x495f210 (libc.so.6:wcschr) redirected to 0x48391ea (_vgnU_ifunc_wrapper)
--3478952-- REDIR: 0x4919a40 (libc.so.6:index) redirected to 0x48391ea (_vgnU_ifunc_wrapper)
--3478952-- REDIR: 0x491a170 (libc.so.6:rindex) redirected to 0x48391ea (_vgnU_ifunc_wrapper)
--3478952-- REDIR: 0x495f2a0 (libc.so.6:wcscmp) redirected to 0x48391ea (_vgnU_ifunc_wrapper)
--3478952-- REDIR: 0x491b170 (libc.so.6:stpncpy) redirected to 0x48391ea (_vgnU_ifunc_wrapper)
--3478952-- REDIR: 0x495f890 (libc.so.6:wmemchr) redirected to 0x48391ea (_vgnU_ifunc_wrapper)
--3478952-- REDIR: 0x491a040 (libc.so.6:strncmp) redirected to 0x48391ea (_vgnU_ifunc_wrapper)
--3478952-- REDIR: 0x491b200 (libc.so.6:strcasecmp) redirected to 0x48391ea (_vgnU_ifunc_wrapper)
--3478952-- REDIR: 0x4919c10 (libc.so.6:strcspn) redirected to 0x48391ea (_vgnU_ifunc_wrapper)
--3478952-- REDIR: 0x495f330 (libc.so.6:wcscpy) redirected to 0x48391ea (_vgnU_ifunc_wrapper)
--3478952-- REDIR: 0x49199b0 (libc.so.6:strcat) redirected to 0x48391ea (_vgnU_ifunc_wrapper)
--3478952-- REDIR: 0x491b3e0 (libc.so.6:strncasecmp_l) redirected to 0x48391ea (_vgnU_ifunc_wrapper)
--3478952-- REDIR: 0x491ac70 (libc.so.6:bcmp) redirected to 0x48391ea (_vgnU_ifunc_wrapper)
--3478952-- REDIR: 0x4920ca0 (libc.so.6:memrchr) redirected to 0x48391ea (_vgnU_ifunc_wrapper)
--3478952-- REDIR: 0x491c7e0 (libc.so.6:strchrnul) redirected to 0x48391ea (_vgnU_ifunc_wrapper)
--3478952-- REDIR: 0x4919b80 (libc.so.6:strcpy) redirected to 0x48391ea (_vgnU_ifunc_wrapper)
--3478952-- REDIR: 0x491b340 (libc.so.6:strcasecmp_l) redirected to 0x48391ea (_vgnU_ifunc_wrapper)
--3478952-- REDIR: 0x4919e90 (libc.so.6:strlen) redirected to 0x48391ea (_vgnU_ifunc_wrapper)
--3478952-- REDIR: 0x491a0e0 (libc.so.6:strncpy) redirected to 0x48391ea (_vgnU_ifunc_wrapper)
--3478952-- REDIR: 0x495f920 (libc.so.6:wmemcmp) redirected to 0x48391ea (_vgnU_ifunc_wrapper)
--3478952-- REDIR: 0x491b0e0 (libc.so.6:stpcpy) redirected to 0x48391ea (_vgnU_ifunc_wrapper)
--3478952-- REDIR: 0x491ad10 (libc.so.6:memmove) redirected to 0x48391ea (_vgnU_ifunc_wrapper)
==3478952== Preferring higher priority redirection:
--3478952--     old: 0x049216c0 (__memcpy_avx_unalign) R-> (2018.0) 0x0484ce80 __memcpy_avx_unaligned_erms
--3478952--     new: 0x049216c0 (__memcpy_avx_unalign) R-> (2018.1) 0x0484e670 memmove
--3478952-- REDIR: 0x491abe0 (libc.so.6:memchr) redirected to 0x48391ea (_vgnU_ifunc_wrapper)
--3478952-- REDIR: 0x491a320 (libc.so.6:strspn) redirected to 0x48391ea (_vgnU_ifunc_wrapper)
--3478952-- REDIR: 0x491af40 (libc.so.6:mempcpy) redirected to 0x48391ea (_vgnU_ifunc_wrapper)
--3478952-- REDIR: 0x491b2a0 (libc.so.6:strncasecmp) redirected to 0x48391ea (_vgnU_ifunc_wrapper)
--3478952-- REDIR: 0x491c750 (libc.so.6:rawmemchr) redirected to 0x48391ea (_vgnU_ifunc_wrapper)
--3478952-- REDIR: 0x49277b0 (libc.so.6:__strrchr_avx2) redirected to 0x484a740 (rindex)
--3478952-- REDIR: 0x49173c0 (libc.so.6:malloc) redirected to 0x48447b9 (malloc)
--3478952-- REDIR: 0x491a7d0 (libc.so.6:__GI_strstr) redirected to 0x484f8d0 (__strstr_sse2)
--3478952-- REDIR: 0x49216c0 (libc.so.6:__memcpy_avx_unaligned_erms) redirected to 0x484e670 (memmove)
--3478952-- REDIR: 0x4918070 (libc.so.6:calloc) redirected to 0x48497a2 (calloc)
--3478952-- REDIR: 0x4917930 (libc.so.6:free) redirected to 0x484723a (free)
--3478952-- REDIR: 0x4924380 (libc.so.6:__strchrnul_avx2) redirected to 0x484f120 (strchrnul)
--3478952-- REDIR: 0x4921680 (libc.so.6:__mempcpy_avx_unaligned_erms) redirected to 0x484f230 (mempcpy)
--3478952-- REDIR: 0x4924e60 (libc.so.6:__strlen_avx2) redirected to 0x484ac40 (strlen)
==3478952== 
==3478952== HEAP SUMMARY:
==3478952==     in use at exit: 0 bytes in 0 blocks
==3478952==   total heap usage: 25 allocs, 25 frees, 26,379 bytes allocated
==3478952== 
==3478952== All heap blocks were freed -- no leaks are possible
==3478952== 
==3478952== ERROR SUMMARY: 0 errors from 0 contexts (suppressed: 0 from 0)
